<?xml version="1.0" encoding="UTF-8"?>
<!-- Generated by org.testng.reporters.JUnitReportReporter -->
<testsuite hostname="DESKTOP-G62QGVT" failures="0" tests="3" name="seleniumPractice.TestNG1" time="0.013" errors="0" timestamp="2024-10-09T17:08:18 CDT" skipped="0">
  <testcase classname="seleniumPractice.TestNG1" name="test2" time="0.001"/>
  <system-out/>
  <testcase classname="seleniumPractice.TestNG1" name="test3" time="0.002"/>
  <system-out/>
  <testcase classname="seleniumPractice.TestNG1" name="test1" time="0.010"/>
  <system-out/>
</testsuite> <!-- seleniumPractice.TestNG1 -->
