<?xml version="1.0" encoding="UTF-8"?>
<!-- Generated by org.testng.reporters.JUnitReportReporter -->
<testsuite hostname="DESKTOP-G62QGVT" failures="0" tests="1" name="seleniumPractice.DynamicWebTable" time="10.105" errors="0" timestamp="2024-10-09T16:40:32 CDT" skipped="0">
  <testcase classname="seleniumPractice.DynamicWebTable" name="dynamicTable" time="10.105"/>
  <system-out/>
</testsuite> <!-- seleniumPractice.DynamicWebTable -->
