<?xml version="1.0" encoding="UTF-8"?>
<!-- Generated by org.testng.reporters.JUnitReportReporter -->
<testsuite hostname="DESKTOP-G62QGVT" failures="0" tests="3" name="seleniumPractice.TestNG2" time="0.013" errors="0" timestamp="2024-10-09T17:16:57 CDT" skipped="0">
  <testcase classname="seleniumPractice.TestNG2" name="test2" time="0.003"/>
  <system-out/>
  <testcase classname="seleniumPractice.TestNG2" name="test1" time="0.007"/>
  <system-out/>
  <testcase classname="seleniumPractice.TestNG2" name="test3" time="0.003"/>
  <system-out/>
</testsuite> <!-- seleniumPractice.TestNG2 -->
