<?xml version="1.0" encoding="UTF-8"?>
<!-- Generated by org.testng.reporters.JUnitReportReporter -->
<testsuite hostname="DESKTOP-G62QGVT" failures="0" tests="3" name="seleniumPractice.TestNG4" time="0.014" errors="0" timestamp="2024-10-09T17:37:50 CDT" skipped="0">
  <testcase classname="seleniumPractice.TestNG4" name="test2" time="0.012"/>
  <system-out/>
  <testcase classname="seleniumPractice.TestNG4" name="test3" time="0.002"/>
  <system-out/>
  <testcase classname="seleniumPractice.TestNG4" name="test1" time="0.000"/>
  <system-out/>
</testsuite> <!-- seleniumPractice.TestNG4 -->
