<?xml version="1.0" encoding="UTF-8"?>
<!-- Generated by org.testng.reporters.JUnitReportReporter -->
<testsuite hostname="DESKTOP-G62QGVT" failures="0" tests="3" name="seleniumPractice.TestNG3" time="0.009" errors="0" timestamp="2024-10-09T17:29:43 CDT" skipped="1">
  <testcase classname="seleniumPractice.TestNG3" name="test3" time="0.008"/>
  <system-out/>
  <testcase classname="seleniumPractice.TestNG3" name="test1" time="0.001"/>
  <system-out/>
  <testcase classname="seleniumPractice.TestNG3" name="test2">
    <skipped/>
  </testcase> <!-- test2 -->
  <system-out/>
</testsuite> <!-- seleniumPractice.TestNG3 -->
