<?xml version="1.0" encoding="UTF-8"?>
<!-- Generated by org.testng.reporters.JUnitReportReporter -->
<testsuite hostname="DESKTOP-G62QGVT" failures="0" tests="1" name="seleniumPractice.Alerts1" time="5.331" errors="0" timestamp="2024-10-10T09:35:01 CDT" skipped="0">
  <testcase classname="seleniumPractice.Alerts1" name="alert" time="5.331"/>
  <system-out/>
</testsuite> <!-- seleniumPractice.Alerts1 -->
